/localscratch/spool/slurmd/job8399274/slurm_script: line 11: /localscratch/garnierk.8399274.0: Is a directory
The following modules were not unloaded:
  (Use "module --force purge" to unload all):

  1) CCconfig        6)  ucx/1.14.1         11) flexiblas/3.3.1
  2) gentoo/2023     7)  libfabric/1.18.0   12) aocl-blas/5.1
  3) gcccore/.12.3   8)  pmix/4.2.4         13) aocl-lapack/5.1
  4) gcc/12.3        9)  ucc/1.2.0          14) StdEnv/2023
  5) hwloc/2.9.1     10) openmpi/4.1.5
created virtual environment CPython3.10.13.final.0-64 in 281ms
  creator CPython3Posix(dest=/localscratch/garnierk.8399274.0/.venv, clear=False, no_vcs_ignore=False, global=False)
  seeder FromAppData(download=False, pip=bundle, setuptools=bundle, wheel=bundle, via=copy, app_data_dir=/home/garnierk/.local/share/virtualenv)
    added seed packages: pip==26.0.1+computecanada, setuptools==80.7.1, wheel==0.46.3+computecanada
  activators BashActivator,CShellActivator,FishActivator,NushellActivator,PowerShellActivator,PythonActivator
Looking in links: /cvmfs/soft.computecanada.ca/custom/python/wheelhouse/gentoo2023/x86-64-v4, /cvmfs/soft.computecanada.ca/custom/python/wheelhouse/gentoo2023/x86-64-v3, /cvmfs/soft.computecanada.ca/custom/python/wheelhouse/gentoo2023/generic, /cvmfs/soft.computecanada.ca/custom/python/wheelhouse/generic
Requirement already satisfied: wheel>=0.38.0 in /localscratch/garnierk.8399274.0/.venv/lib/python3.10/site-packages (from -r requirements.txt (line 2)) (0.46.3+computecanada)
Processing /cvmfs/soft.computecanada.ca/custom/python/wheelhouse/gentoo2023/x86-64-v3/Pillow-10.0.0+computecanada-cp310-cp310-linux_x86_64.whl (from -r requirements.txt (line 3))
Processing /cvmfs/soft.computecanada.ca/custom/python/wheelhouse/gentoo2023/generic/numpy-1.24.4+computecanada-cp310-cp310-linux_x86_64.whl (from -r requirements.txt (line 4))
Requirement already satisfied: opencv-python==4.8.1.* in /cvmfs/soft.computecanada.ca/easybuild/software/2023/x86-64-v4/Compiler/gcc12/opencv/4.8.1/lib/python3.10/site-packages (from -r requirements.txt (line 5)) (4.8.1)
Processing /cvmfs/soft.computecanada.ca/custom/python/wheelhouse/generic/tqdm-4.64.1+computecanada-py2.py3-none-any.whl (from -r requirements.txt (line 6))
Processing /cvmfs/soft.computecanada.ca/custom/python/wheelhouse/generic/scikit_learn-1.2.1+computecanada-cp310-cp310-linux_x86_64.whl (from -r requirements.txt (line 7))
Processing /cvmfs/soft.computecanada.ca/custom/python/wheelhouse/generic/comet_ml-3.47.1+computecanada-py3-none-any.whl (from -r requirements.txt (line 8))
Processing /cvmfs/soft.computecanada.ca/custom/python/wheelhouse/gentoo2023/x86-64-v3/pandas-1.5.3+computecanada-cp310-cp310-linux_x86_64.whl (from -r requirements.txt (line 9))
Processing /cvmfs/soft.computecanada.ca/custom/python/wheelhouse/generic/Jinja2-3.1.2+computecanada-py3-none-any.whl (from -r requirements.txt (line 10))
Processing /cvmfs/soft.computecanada.ca/custom/python/wheelhouse/generic/gitpython-3.1.46+computecanada-py3-none-any.whl (from -r requirements.txt (line 14))
Requirement already satisfied: ipython in /cvmfs/soft.computecanada.ca/easybuild/software/2023/x86-64-v4/Compiler/gcccore/ipykernel/2024a/lib/python3.10/site-packages (from -r requirements.txt (line 15)) (8.25.0+computecanada)
Requirement already satisfied: matplotlib>=3.2.2 in /cvmfs/soft.computecanada.ca/easybuild/software/2023/x86-64-v4/Compiler/gcccore/scipy-stack/2024a/lib/python3.10/site-packages (from -r requirements.txt (line 16)) (3.9.0+computecanada)
Requirement already satisfied: psutil in /cvmfs/soft.computecanada.ca/easybuild/software/2023/x86-64-v4/Compiler/gcccore/ipykernel/2024a/lib/python3.10/site-packages (from -r requirements.txt (line 17)) (5.9.8)
Processing /cvmfs/soft.computecanada.ca/custom/python/wheelhouse/gentoo2023/x86-64-v3/PyYAML-6.0.2+computecanada-cp310-cp310-linux_x86_64.whl (from -r requirements.txt (line 18))
Processing /cvmfs/soft.computecanada.ca/custom/python/wheelhouse/generic/requests-2.32.5+computecanada-py3-none-any.whl (from -r requirements.txt (line 19))
Requirement already satisfied: scipy>=1.4.1 in /cvmfs/soft.computecanada.ca/easybuild/software/2023/x86-64-v4/Compiler/gcccore/scipy-stack/2024a/lib/python3.10/site-packages (from -r requirements.txt (line 20)) (1.13.1+computecanada)
Processing /cvmfs/soft.computecanada.ca/custom/python/wheelhouse/generic/thop-0.1.1.post2209072238+computecanada-py3-none-any.whl (from -r requirements.txt (line 21))
Processing /cvmfs/soft.computecanada.ca/custom/python/wheelhouse/gentoo2023/x86-64-v3/torch-2.6.0+computecanada-cp310-cp310-linux_x86_64.whl (from -r requirements.txt (line 22))
Processing /cvmfs/soft.computecanada.ca/custom/python/wheelhouse/gentoo2023/generic/torchvision-0.21.0+computecanada-cp310-cp310-linux_x86_64.whl (from -r requirements.txt (line 23))
Processing /cvmfs/soft.computecanada.ca/custom/python/wheelhouse/generic/tensorboard-2.20.0+computecanada-py3-none-any.whl (from -r requirements.txt (line 26))
Processing /cvmfs/soft.computecanada.ca/custom/python/wheelhouse/generic/seaborn-0.13.2+computecanada-py3-none-any.whl (from -r requirements.txt (line 29))
Requirement already satisfied: setuptools>=65.5.1 in /localscratch/garnierk.8399274.0/.venv/lib/python3.10/site-packages (from -r requirements.txt (line 32)) (80.7.1)
Processing /cvmfs/soft.computecanada.ca/custom/python/wheelhouse/generic/joblib-1.5.3+computecanada-py3-none-any.whl (from scikit-learn==1.2.1->-r requirements.txt (line 7))
Processing /cvmfs/soft.computecanada.ca/custom/python/wheelhouse/generic/threadpoolctl-3.6.0+computecanada-py3-none-any.whl (from scikit-learn==1.2.1->-r requirements.txt (line 7))
Requirement already satisfied: python-dateutil>=2.8.1 in /cvmfs/soft.computecanada.ca/easybuild/software/2023/x86-64-v4/Compiler/gcccore/scipy-stack/2024a/lib/python3.10/site-packages (from pandas==1.5.3->-r requirements.txt (line 9)) (2.9.0.post0+computecanada)
Requirement already satisfied: pytz>=2020.1 in /cvmfs/soft.computecanada.ca/easybuild/software/2023/x86-64-v4/Compiler/gcccore/scipy-stack/2024a/lib/python3.10/site-packages (from pandas==1.5.3->-r requirements.txt (line 9)) (2024.1+computecanada)
Processing /cvmfs/soft.computecanada.ca/custom/python/wheelhouse/generic/MarkupSafe-2.1.5+computecanada-cp310-cp310-linux_x86_64.whl (from jinja2==3.1.2->-r requirements.txt (line 10))
Requirement already satisfied: packaging>=24.0 in /cvmfs/soft.computecanada.ca/easybuild/software/2023/x86-64-v4/Compiler/gcccore/scipy-stack/2024a/lib/python3.10/site-packages (from wheel>=0.38.0->-r requirements.txt (line 2)) (24.1+computecanada)
Processing /cvmfs/soft.computecanada.ca/custom/python/wheelhouse/generic/everett-3.1.0+computecanada-py2.py3-none-any.whl (from everett[ini]<3.2.0,>=1.0.1->comet_ml>=3.44.0->-r requirements.txt (line 8))
Processing /cvmfs/soft.computecanada.ca/custom/python/wheelhouse/generic/jsonschema-4.26.0+computecanada-py3-none-any.whl (from comet_ml>=3.44.0->-r requirements.txt (line 8))
Processing /cvmfs/soft.computecanada.ca/custom/python/wheelhouse/generic/python_box-6.1.0+computecanada-cp310-cp310-linux_x86_64.whl (from comet_ml>=3.44.0->-r requirements.txt (line 8))
Processing /cvmfs/soft.computecanada.ca/custom/python/wheelhouse/generic/requests_toolbelt-1.0.0+computecanada-py2.py3-none-any.whl (from comet_ml>=3.44.0->-r requirements.txt (line 8))
Processing /cvmfs/soft.computecanada.ca/custom/python/wheelhouse/generic/semantic_version-2.10.0+computecanada-py2.py3-none-any.whl (from comet_ml>=3.44.0->-r requirements.txt (line 8))
Processing /cvmfs/soft.computecanada.ca/custom/python/wheelhouse/generic/sentry_sdk-2.54.0+computecanada-py2.py3-none-any.whl (from comet_ml>=3.44.0->-r requirements.txt (line 8))
Processing /cvmfs/soft.computecanada.ca/custom/python/wheelhouse/generic/simplejson-3.19.3+computecanada-cp310-cp310-linux_x86_64.whl (from comet_ml>=3.44.0->-r requirements.txt (line 8))
Processing /cvmfs/soft.computecanada.ca/custom/python/wheelhouse/generic/urllib3-2.6.3+computecanada-py3-none-any.whl (from comet_ml>=3.44.0->-r requirements.txt (line 8))
Processing /cvmfs/soft.computecanada.ca/custom/python/wheelhouse/generic/wrapt-1.17.2+computecanada-cp310-cp310-linux_x86_64.whl (from comet_ml>=3.44.0->-r requirements.txt (line 8))
Processing /cvmfs/soft.computecanada.ca/custom/python/wheelhouse/generic/wurlitzer-3.1.1+computecanada-py3-none-any.whl (from comet_ml>=3.44.0->-r requirements.txt (line 8))
Processing /cvmfs/soft.computecanada.ca/custom/python/wheelhouse/generic/dulwich-0.23.2+computecanada-py3-none-any.whl (from comet_ml>=3.44.0->-r requirements.txt (line 8))
Processing /cvmfs/soft.computecanada.ca/custom/python/wheelhouse/generic/rich-14.3.3+computecanada-py3-none-any.whl (from comet_ml>=3.44.0->-r requirements.txt (line 8))
Processing /cvmfs/soft.computecanada.ca/custom/python/wheelhouse/generic/configobj-5.0.9+computecanada-py2.py3-none-any.whl (from everett[ini]<3.2.0,>=1.0.1->comet_ml>=3.44.0->-r requirements.txt (line 8))
Processing /cvmfs/soft.computecanada.ca/custom/python/wheelhouse/generic/gitdb-4.0.12+computecanada-py3-none-any.whl (from gitpython->-r requirements.txt (line 14))
Processing /cvmfs/soft.computecanada.ca/custom/python/wheelhouse/generic/smmap-5.0.3+computecanada-py3-none-any.whl (from gitdb<5,>=4.0.1->gitpython->-r requirements.txt (line 14))
Requirement already satisfied: decorator in /cvmfs/soft.computecanada.ca/easybuild/software/2023/x86-64-v4/Compiler/gcccore/ipykernel/2024a/lib/python3.10/site-packages (from ipython->-r requirements.txt (line 15)) (5.1.1+computecanada)
Requirement already satisfied: jedi>=0.16 in /cvmfs/soft.computecanada.ca/easybuild/software/2023/x86-64-v4/Compiler/gcccore/ipykernel/2024a/lib/python3.10/site-packages (from ipython->-r requirements.txt (line 15)) (0.19.1+computecanada)
Requirement already satisfied: matplotlib-inline in /cvmfs/soft.computecanada.ca/easybuild/software/2023/x86-64-v4/Compiler/gcccore/ipykernel/2024a/lib/python3.10/site-packages (from ipython->-r requirements.txt (line 15)) (0.1.7+computecanada)
Requirement already satisfied: prompt-toolkit<3.1.0,>=3.0.41 in /cvmfs/soft.computecanada.ca/easybuild/software/2023/x86-64-v4/Compiler/gcccore/ipykernel/2024a/lib/python3.10/site-packages (from ipython->-r requirements.txt (line 15)) (3.0.47+computecanada)
Requirement already satisfied: pygments>=2.4.0 in /cvmfs/soft.computecanada.ca/easybuild/software/2023/x86-64-v4/Compiler/gcccore/ipykernel/2024a/lib/python3.10/site-packages (from ipython->-r requirements.txt (line 15)) (2.18.0+computecanada)
Requirement already satisfied: stack-data in /cvmfs/soft.computecanada.ca/easybuild/software/2023/x86-64-v4/Compiler/gcccore/ipykernel/2024a/lib/python3.10/site-packages (from ipython->-r requirements.txt (line 15)) (0.6.3+computecanada)
Requirement already satisfied: traitlets>=5.13.0 in /cvmfs/soft.computecanada.ca/easybuild/software/2023/x86-64-v4/Compiler/gcccore/ipykernel/2024a/lib/python3.10/site-packages (from ipython->-r requirements.txt (line 15)) (5.14.3+computecanada)
Requirement already satisfied: exceptiongroup in /cvmfs/soft.computecanada.ca/easybuild/software/2023/x86-64-v4/Compiler/gcccore/ipykernel/2024a/lib/python3.10/site-packages (from ipython->-r requirements.txt (line 15)) (1.2.1+computecanada)
Requirement already satisfied: typing-extensions>=4.6 in /cvmfs/soft.computecanada.ca/easybuild/software/2023/x86-64-v4/Compiler/gcccore/ipykernel/2024a/lib/python3.10/site-packages (from ipython->-r requirements.txt (line 15)) (4.12.2+computecanada)
Requirement already satisfied: pexpect>4.3 in /cvmfs/soft.computecanada.ca/easybuild/software/2023/x86-64-v4/Compiler/gcccore/ipykernel/2024a/lib/python3.10/site-packages (from ipython->-r requirements.txt (line 15)) (4.9.0+computecanada)
Requirement already satisfied: wcwidth in /cvmfs/soft.computecanada.ca/easybuild/software/2023/x86-64-v4/Compiler/gcccore/ipykernel/2024a/lib/python3.10/site-packages (from prompt-toolkit<3.1.0,>=3.0.41->ipython->-r requirements.txt (line 15)) (0.2.13+computecanada)
Requirement already satisfied: contourpy>=1.0.1 in /cvmfs/soft.computecanada.ca/easybuild/software/2023/x86-64-v4/Compiler/gcccore/scipy-stack/2024a/lib/python3.10/site-packages (from matplotlib>=3.2.2->-r requirements.txt (line 16)) (1.2.1+computecanada)
Requirement already satisfied: cycler>=0.10 in /cvmfs/soft.computecanada.ca/easybuild/software/2023/x86-64-v4/Compiler/gcccore/scipy-stack/2024a/lib/python3.10/site-packages (from matplotlib>=3.2.2->-r requirements.txt (line 16)) (0.12.1+computecanada)
Requirement already satisfied: fonttools>=4.22.0 in /cvmfs/soft.computecanada.ca/easybuild/software/2023/x86-64-v4/Compiler/gcccore/scipy-stack/2024a/lib/python3.10/site-packages (from matplotlib>=3.2.2->-r requirements.txt (line 16)) (4.53.0+computecanada)
Requirement already satisfied: kiwisolver>=1.3.1 in /cvmfs/soft.computecanada.ca/easybuild/software/2023/x86-64-v4/Compiler/gcccore/scipy-stack/2024a/lib/python3.10/site-packages (from matplotlib>=3.2.2->-r requirements.txt (line 16)) (1.4.5+computecanada)
Requirement already satisfied: pyparsing>=2.3.1 in /cvmfs/soft.computecanada.ca/easybuild/software/2023/x86-64-v4/Compiler/gcccore/scipy-stack/2024a/lib/python3.10/site-packages (from matplotlib>=3.2.2->-r requirements.txt (line 16)) (3.1.2+computecanada)
Processing /cvmfs/soft.computecanada.ca/custom/python/wheelhouse/generic/charset_normalizer-3.4.4+computecanada-py3-none-any.whl (from requests>=2.23.0->-r requirements.txt (line 19))
Processing /cvmfs/soft.computecanada.ca/custom/python/wheelhouse/generic/idna-3.11+computecanada-py3-none-any.whl (from requests>=2.23.0->-r requirements.txt (line 19))
Processing /cvmfs/soft.computecanada.ca/custom/python/wheelhouse/generic/certifi-2026.1.4+computecanada-py3-none-any.whl (from requests>=2.23.0->-r requirements.txt (line 19))
Processing /cvmfs/soft.computecanada.ca/custom/python/wheelhouse/generic/filelock-3.25.1+computecanada-py3-none-any.whl (from torch>=1.7.0->-r requirements.txt (line 22))
Processing /cvmfs/soft.computecanada.ca/custom/python/wheelhouse/generic/networkx-3.6.1+computecanada-py3-none-any.whl (from torch>=1.7.0->-r requirements.txt (line 22))
Processing /cvmfs/soft.computecanada.ca/custom/python/wheelhouse/generic/fsspec-2026.2.0+computecanada-py3-none-any.whl (from torch>=1.7.0->-r requirements.txt (line 22))
Processing /cvmfs/soft.computecanada.ca/custom/python/wheelhouse/generic/sympy-1.13.1+computecanada-py3-none-any.whl (from torch>=1.7.0->-r requirements.txt (line 22))
Requirement already satisfied: mpmath<1.4,>=1.1.0 in /cvmfs/soft.computecanada.ca/easybuild/software/2023/x86-64-v4/Compiler/gcccore/scipy-stack/2024a/lib/python3.10/site-packages (from sympy==1.13.1->torch>=1.7.0->-r requirements.txt (line 22)) (1.3.0+computecanada)
Processing /cvmfs/soft.computecanada.ca/custom/python/wheelhouse/gentoo2023/x86-64-v3/Pillow_SIMD-9.5.0.post2+computecanada-cp310-cp310-linux_x86_64.whl (from torchvision>=0.8.1->-r requirements.txt (line 23))
Processing /cvmfs/soft.computecanada.ca/custom/python/wheelhouse/generic/absl_py-2.4.0+computecanada-py3-none-any.whl (from tensorboard>=2.4.1->-r requirements.txt (line 26))
Processing /cvmfs/soft.computecanada.ca/custom/python/wheelhouse/generic/grpcio-1.67.0+computecanada-cp310-cp310-linux_x86_64.whl (from tensorboard>=2.4.1->-r requirements.txt (line 26))
Processing /cvmfs/soft.computecanada.ca/custom/python/wheelhouse/generic/markdown-3.10.2+computecanada-py3-none-any.whl (from tensorboard>=2.4.1->-r requirements.txt (line 26))
Processing /cvmfs/soft.computecanada.ca/custom/python/wheelhouse/gentoo2023/x86-64-v3/protobuf-5.29.3+computecanada-cp310-cp310-linux_x86_64.whl (from tensorboard>=2.4.1->-r requirements.txt (line 26))
Processing /cvmfs/soft.computecanada.ca/custom/python/wheelhouse/generic/tensorboard_data_server-0.7.2+computecanada-py3-none-linux_x86_64.whl (from tensorboard>=2.4.1->-r requirements.txt (line 26))
Processing /cvmfs/soft.computecanada.ca/custom/python/wheelhouse/generic/werkzeug-3.1.6+computecanada-py3-none-any.whl (from tensorboard>=2.4.1->-r requirements.txt (line 26))
Requirement already satisfied: parso<0.9.0,>=0.8.3 in /cvmfs/soft.computecanada.ca/easybuild/software/2023/x86-64-v4/Compiler/gcccore/ipykernel/2024a/lib/python3.10/site-packages (from jedi>=0.16->ipython->-r requirements.txt (line 15)) (0.8.4+computecanada)
Processing /cvmfs/soft.computecanada.ca/custom/python/wheelhouse/generic/attrs-25.4.0+computecanada-py3-none-any.whl (from jsonschema!=3.1.0,>=2.6.0->comet_ml>=3.44.0->-r requirements.txt (line 8))
Processing /cvmfs/soft.computecanada.ca/custom/python/wheelhouse/generic/jsonschema_specifications-2025.9.1+computecanada-py3-none-any.whl (from jsonschema!=3.1.0,>=2.6.0->comet_ml>=3.44.0->-r requirements.txt (line 8))
Processing /cvmfs/soft.computecanada.ca/custom/python/wheelhouse/generic/referencing-0.37.0+computecanada-py3-none-any.whl (from jsonschema!=3.1.0,>=2.6.0->comet_ml>=3.44.0->-r requirements.txt (line 8))
INFO: pip is looking at multiple versions of jsonschema to determine which version is compatible with other requirements. This could take a while.
Processing /cvmfs/soft.computecanada.ca/custom/python/wheelhouse/generic/jsonschema-4.25.1+computecanada-py3-none-any.whl (from comet_ml>=3.44.0->-r requirements.txt (line 8))
Processing /cvmfs/soft.computecanada.ca/custom/python/wheelhouse/gentoo2023/generic/rpds_py-0.20.0+computecanada-cp310-cp310-linux_x86_64.whl (from jsonschema!=3.1.0,>=2.6.0->comet_ml>=3.44.0->-r requirements.txt (line 8))
Requirement already satisfied: ptyprocess>=0.5 in /cvmfs/soft.computecanada.ca/easybuild/software/2023/x86-64-v4/Compiler/gcccore/ipykernel/2024a/lib/python3.10/site-packages (from pexpect>4.3->ipython->-r requirements.txt (line 15)) (0.7.0+computecanada)
Requirement already satisfied: six>=1.5 in /cvmfs/soft.computecanada.ca/easybuild/software/2023/x86-64-v4/Compiler/gcccore/scipy-stack/2024a/lib/python3.10/site-packages (from python-dateutil>=2.8.1->pandas==1.5.3->-r requirements.txt (line 9)) (1.16.0+computecanada)
Processing /cvmfs/soft.computecanada.ca/custom/python/wheelhouse/generic/markdown_it_py-4.0.0+computecanada-py3-none-any.whl (from rich>=13.3.2->comet_ml>=3.44.0->-r requirements.txt (line 8))
Processing /cvmfs/soft.computecanada.ca/custom/python/wheelhouse/generic/mdurl-0.1.2+computecanada-py3-none-any.whl (from markdown-it-py>=2.2.0->rich>=13.3.2->comet_ml>=3.44.0->-r requirements.txt (line 8))
INFO: pip is looking at multiple versions of networkx to determine which version is compatible with other requirements. This could take a while.
Processing /cvmfs/soft.computecanada.ca/custom/python/wheelhouse/generic/networkx-3.6+computecanada-py3-none-any.whl (from torch>=1.7.0->-r requirements.txt (line 22))
Processing /cvmfs/soft.computecanada.ca/custom/python/wheelhouse/generic/networkx-3.5+computecanada-py3-none-any.whl (from torch>=1.7.0->-r requirements.txt (line 22))
Processing /cvmfs/soft.computecanada.ca/custom/python/wheelhouse/generic/networkx-3.4.2+computecanada-py3-none-any.whl (from torch>=1.7.0->-r requirements.txt (line 22))
Requirement already satisfied: executing>=1.2.0 in /cvmfs/soft.computecanada.ca/easybuild/software/2023/x86-64-v4/Compiler/gcccore/ipykernel/2024a/lib/python3.10/site-packages (from stack-data->ipython->-r requirements.txt (line 15)) (2.0.1+computecanada)
Requirement already satisfied: asttokens>=2.1.0 in /cvmfs/soft.computecanada.ca/easybuild/software/2023/x86-64-v4/Compiler/gcccore/ipykernel/2024a/lib/python3.10/site-packages (from stack-data->ipython->-r requirements.txt (line 15)) (2.4.1+computecanada)
Requirement already satisfied: pure-eval in /cvmfs/soft.computecanada.ca/easybuild/software/2023/x86-64-v4/Compiler/gcccore/ipykernel/2024a/lib/python3.10/site-packages (from stack-data->ipython->-r requirements.txt (line 15)) (0.2.2+computecanada)
Installing collected packages: everett, wurlitzer, wrapt, urllib3, tqdm, threadpoolctl, tensorboard-data-server, sympy, smmap, simplejson, semantic-version, rpds-py, PyYAML, python-box, protobuf, pillow-simd, pillow, numpy, networkx, mdurl, MarkupSafe, markdown, joblib, idna, grpcio, fsspec, filelock, configobj, charset-normalizer, certifi, attrs, absl-py, werkzeug, sentry-sdk, requests, referencing, pandas, markdown-it-py, jinja2, gitdb, dulwich, torch, tensorboard, scikit-learn, rich, requests-toolbelt, jsonschema-specifications, gitpython, torchvision, thop, seaborn, jsonschema, comet_ml
  Attempting uninstall: sympy
    Found existing installation: sympy 1.12.1+computecanada
    Not uninstalling sympy at /cvmfs/soft.computecanada.ca/easybuild/software/2023/x86-64-v4/Compiler/gcccore/scipy-stack/2024a/lib/python3.10/site-packages, outside environment /localscratch/garnierk.8399274.0/.venv
    Can't uninstall 'sympy'. No files were found to uninstall.
  Attempting uninstall: pillow
    Found existing installation: pillow 10.3.0+computecanada
    Not uninstalling pillow at /cvmfs/soft.computecanada.ca/easybuild/software/2023/x86-64-v4/Compiler/gcccore/scipy-stack/2024a/lib/python3.10/site-packages, outside environment /localscratch/garnierk.8399274.0/.venv
    Can't uninstall 'pillow'. No files were found to uninstall.
  Attempting uninstall: numpy
    Found existing installation: numpy 1.26.4+computecanada
    Not uninstalling numpy at /cvmfs/soft.computecanada.ca/easybuild/software/2023/x86-64-v4/Compiler/gcccore/scipy-stack/2024a/lib/python3.10/site-packages, outside environment /localscratch/garnierk.8399274.0/.venv
    Can't uninstall 'numpy'. No files were found to uninstall.
  Attempting uninstall: pandas
    Found existing installation: pandas 2.2.1+computecanada
    Not uninstalling pandas at /cvmfs/soft.computecanada.ca/easybuild/software/2023/x86-64-v4/Compiler/gcccore/scipy-stack/2024a/lib/python3.10/site-packages, outside environment /localscratch/garnierk.8399274.0/.venv
    Can't uninstall 'pandas'. No files were found to uninstall.

Successfully installed MarkupSafe-2.1.5+computecanada PyYAML-6.0.2+computecanada absl-py-2.4.0+computecanada attrs-25.4.0+computecanada certifi-2026.1.4+computecanada charset-normalizer-3.4.4+computecanada comet_ml-3.47.1+computecanada configobj-5.0.9+computecanada dulwich-0.23.2+computecanada everett-3.1.0+computecanada filelock-3.25.1+computecanada fsspec-2026.2.0+computecanada gitdb-4.0.12+computecanada gitpython-3.1.46+computecanada grpcio-1.67.0+computecanada idna-3.11+computecanada jinja2-3.1.2+computecanada joblib-1.5.3+computecanada jsonschema-4.25.1+computecanada jsonschema-specifications-2025.9.1+computecanada markdown-3.10.2+computecanada markdown-it-py-4.0.0+computecanada mdurl-0.1.2+computecanada networkx-3.4.2+computecanada numpy-1.24.4+computecanada pandas-1.5.3+computecanada pillow-10.0.0+computecanada pillow-simd-9.5.0.post2+computecanada protobuf-5.29.3+computecanada python-box-6.1.0+computecanada referencing-0.37.0+computecanada requests-2.32.5+computecanada requests-toolbelt-1.0.0+computecanada rich-14.3.3+computecanada rpds-py-0.20.0+computecanada scikit-learn-1.2.1+computecanada seaborn-0.13.2+computecanada semantic-version-2.10.0+computecanada sentry-sdk-2.54.0+computecanada simplejson-3.19.3+computecanada smmap-5.0.3+computecanada sympy-1.13.1+computecanada tensorboard-2.20.0+computecanada tensorboard-data-server-0.7.2+computecanada thop-0.1.1.post2209072238+computecanada threadpoolctl-3.6.0+computecanada torch-2.6.0+computecanada torchvision-0.21.0+computecanada tqdm-4.64.1+computecanada urllib3-2.6.3+computecanada werkzeug-3.1.6+computecanada wrapt-1.17.2+computecanada wurlitzer-3.1.1+computecanada
Looking in links: /cvmfs/soft.computecanada.ca/custom/python/wheelhouse/gentoo2023/x86-64-v4, /cvmfs/soft.computecanada.ca/custom/python/wheelhouse/gentoo2023/x86-64-v3, /cvmfs/soft.computecanada.ca/custom/python/wheelhouse/gentoo2023/generic, /cvmfs/soft.computecanada.ca/custom/python/wheelhouse/generic
Obtaining file:///lustre09/project/6094000/garnierk/webcam-avalanche-detection
  Installing build dependencies: started
  Installing build dependencies: still running...
  Installing build dependencies: still running...
  Installing build dependencies: still running...
  Installing build dependencies: still running...
  Installing build dependencies: still running...
  Installing build dependencies: still running...
  Installing build dependencies: finished with status 'done'
  Checking if build backend supports build_editable: started
  Checking if build backend supports build_editable: finished with status 'done'
  Getting requirements to build editable: started
  Getting requirements to build editable: finished with status 'done'
  Preparing editable metadata (pyproject.toml): started
  Preparing editable metadata (pyproject.toml): finished with status 'done'
Building wheels for collected packages: avalanche-detection
  Building editable for avalanche-detection (pyproject.toml): started
  Building editable for avalanche-detection (pyproject.toml): finished with status 'done'
  Created wheel for avalanche-detection: filename=avalanche_detection-0.0.1-0.editable-py3-none-any.whl size=15221 sha256=7b64fd0916102c5670c3e09c726c82e98abc0e170a3f6c96df4ddded952b31dd
  Stored in directory: /tmp/pip-ephem-wheel-cache-pmgs584g/wheels/25/5d/2a/dcaf97f1a46abdddc9b827c254707587500afcb360157952cc
Successfully built avalanche-detection
Installing collected packages: avalanche-detection
Successfully installed avalanche-detection-0.0.1
Generating train/test split...
Done
Traceback (most recent call last):
  File "/cvmfs/soft.computecanada.ca/easybuild/software/2023/x86-64-v4/Compiler/gcccore/python/3.10.13/lib/python3.10/runpy.py", line 196, in _run_module_as_main
    return _run_code(code, main_globals, None,
  File "/cvmfs/soft.computecanada.ca/easybuild/software/2023/x86-64-v4/Compiler/gcccore/python/3.10.13/lib/python3.10/runpy.py", line 86, in _run_code
    exec(code, run_globals)
  File "/lustre09/project/6094000/garnierk/webcam-avalanche-detection/classification/experiments/benchmarking.py", line 171, in <module>
    train_model(architecture, weights, base_cfg=base_cfg, models_dir=models_dir)
  File "/lustre09/project/6094000/garnierk/webcam-avalanche-detection/classification/experiments/benchmarking.py", line 89, in train_model
    Experiment.start_training(
  File "/lustre09/project/6094000/garnierk/webcam-avalanche-detection/classification/experiments/experiment_run.py", line 111, in start_training
    ExperimentModel = PytorchModel(
  File "/lustre09/project/6094000/garnierk/webcam-avalanche-detection/classification/train/train.py", line 78, in __init__
    assert os.path.exists(test_dir), f'Could not find path {test_dir}'
AssertionError: Could not find path /localscratch/garnierk.8399274.0/.data/test/images
Training model ResNet152_benchmark_704 - 1/3
